<?xml version="1.0" encoding="windows-1252" standalone="no"?>
<!DOCTYPE log SYSTEM "logger.dtd">
<log>
</log>
<?xml version="1.0" encoding="windows-1252" standalone="no"?>
<!DOCTYPE log SYSTEM "logger.dtd">
<log>
<record>
  <date>2017-11-22T20:20:02</date>
  <millis>1511392802173</millis>
  <sequence>0</sequence>
  <logger>java.util.concurrent.locks.ReentrantReadWriteLock$WriteLock</logger>
  <level>WARNING</level>
  <class>Logger.LogPrecalculoIndicadores</class>
  <method>loguearPrecalculoInvalido</method>
  <thread>1</thread>
  <message>El indicador IndicadorCombinado no pudo ser calculado en la empresa Apple para el periodo 2010 porque no tiene la cuenta EBITDA</message>
</record>
<record>
  <date>2017-11-22T20:20:02</date>
  <millis>1511392802200</millis>
  <sequence>1</sequence>
  <logger>java.util.concurrent.locks.ReentrantReadWriteLock$WriteLock</logger>
  <level>WARNING</level>
  <class>Logger.LogPrecalculoIndicadores</class>
  <method>loguearPrecalculoInvalido</method>
  <thread>1</thread>
  <message>El indicador IndicadorCombinado no pudo ser calculado en la empresa IBM para el periodo 2011 porque no tiene la cuenta EBITDA</message>
</record>
<record>
  <date>2017-11-22T20:20:02</date>
  <millis>1511392802214</millis>
  <sequence>2</sequence>
  <logger>java.util.concurrent.locks.ReentrantReadWriteLock$WriteLock</logger>
  <level>WARNING</level>
  <class>Logger.LogPrecalculoIndicadores</class>
  <method>loguearPrecalculoInvalido</method>
  <thread>1</thread>
  <message>El indicador IndicadorCombinado no pudo ser calculado en la empresa Oracle para el periodo 2008 porque no tiene la cuenta EBITDA</message>
</record>
<record>
  <date>2017-11-22T20:20:02</date>
  <millis>1511392802236</millis>
  <sequence>3</sequence>
  <logger>java.util.concurrent.locks.ReentrantReadWriteLock$WriteLock</logger>
  <level>WARNING</level>
  <class>Logger.LogPrecalculoIndicadores</class>
  <method>loguearPrecalculoInvalido</method>
  <thread>1</thread>
  <message>El indicador IndicadorDemandante no pudo ser calculado en la empresa Facebook para el periodo 2016 porque no tiene la cuenta Revenue</message>
</record>
<record>
  <date>2017-11-22T20:20:02</date>
  <millis>1511392802239</millis>
  <sequence>4</sequence>
  <logger>java.util.concurrent.locks.ReentrantReadWriteLock$WriteLock</logger>
  <level>WARNING</level>
  <class>Logger.LogPrecalculoIndicadores</class>
  <method>loguearPrecalculoInvalido</method>
  <thread>1</thread>
  <message>El indicador IndicadorDemandante no pudo ser calculado en la empresa Facebook para el periodo 2015 porque no tiene la cuenta Revenue</message>
</record>
<record>
  <date>2017-11-22T20:20:02</date>
  <millis>1511392802246</millis>
  <sequence>5</sequence>
  <logger>java.util.concurrent.locks.ReentrantReadWriteLock$WriteLock</logger>
  <level>WARNING</level>
  <class>Logger.LogPrecalculoIndicadores</class>
  <method>loguearPrecalculoInvalido</method>
  <thread>1</thread>
  <message>El indicador IndicadorDemandante no pudo ser calculado en la empresa Apple para el periodo 2010 porque no tiene la cuenta EBITDA</message>
</record>
<record>
  <date>2017-11-22T20:20:02</date>
  <millis>1511392802258</millis>
  <sequence>6</sequence>
  <logger>java.util.concurrent.locks.ReentrantReadWriteLock$WriteLock</logger>
  <level>WARNING</level>
  <class>Logger.LogPrecalculoIndicadores</class>
  <method>loguearPrecalculoInvalido</method>
  <thread>1</thread>
  <message>El indicador IndicadorDemandante no pudo ser calculado en la empresa IBM para el periodo 2011 porque no tiene la cuenta EBITDA</message>
</record>
<record>
  <date>2017-11-22T20:20:02</date>
  <millis>1511392802267</millis>
  <sequence>7</sequence>
  <logger>java.util.concurrent.locks.ReentrantReadWriteLock$WriteLock</logger>
  <level>WARNING</level>
  <class>Logger.LogPrecalculoIndicadores</class>
  <method>loguearPrecalculoInvalido</method>
  <thread>1</thread>
  <message>El indicador IndicadorDemandante no pudo ser calculado en la empresa Oracle para el periodo 2008 porque no tiene la cuenta EBITDA</message>
</record>
<record>
  <date>2017-11-22T20:20:02</date>
  <millis>1511392802503</millis>
  <sequence>8</sequence>
  <logger>java.util.concurrent.locks.ReentrantReadWriteLock$WriteLock</logger>
  <level>WARNING</level>
  <class>Logger.LogPrecalculoIndicadores</class>
  <method>loguearPrecalculoInvalido</method>
  <thread>1</thread>
  <message>El indicador ROE no pudo ser calculado en la empresa Facebook para el periodo 2015 porque no tiene la cuenta Ingreso Neto</message>
</record>
<record>
  <date>2017-11-22T20:20:02</date>
  <millis>1511392802522</millis>
  <sequence>9</sequence>
  <logger>java.util.concurrent.locks.ReentrantReadWriteLock$WriteLock</logger>
  <level>WARNING</level>
  <class>Logger.LogPrecalculoIndicadores</class>
  <method>loguearPrecalculoInvalido</method>
  <thread>1</thread>
  <message>El indicador ROE no pudo ser calculado en la empresa Apple para el periodo 2010 porque no tiene la cuenta Ingreso Neto</message>
</record>
<record>
  <date>2017-11-22T20:20:02</date>
  <millis>1511392802534</millis>
  <sequence>10</sequence>
  <logger>java.util.concurrent.locks.ReentrantReadWriteLock$WriteLock</logger>
  <level>WARNING</level>
  <class>Logger.LogPrecalculoIndicadores</class>
  <method>loguearPrecalculoInvalido</method>
  <thread>1</thread>
  <message>El indicador ROE no pudo ser calculado en la empresa IBM para el periodo 2011 porque no tiene la cuenta Ingreso Neto</message>
</record>
<record>
  <date>2017-11-22T20:20:02</date>
  <millis>1511392802546</millis>
  <sequence>11</sequence>
  <logger>java.util.concurrent.locks.ReentrantReadWriteLock$WriteLock</logger>
  <level>WARNING</level>
  <class>Logger.LogPrecalculoIndicadores</class>
  <method>loguearPrecalculoInvalido</method>
  <thread>1</thread>
  <message>El indicador ROE no pudo ser calculado en la empresa Oracle para el periodo 2008 porque no tiene la cuenta Ingreso Neto</message>
</record>
<record>
  <date>2017-11-22T20:20:02</date>
  <millis>1511392802565</millis>
  <sequence>12</sequence>
  <logger>java.util.concurrent.locks.ReentrantReadWriteLock$WriteLock</logger>
  <level>WARNING</level>
  <class>Logger.LogPrecalculoIndicadores</class>
  <method>loguearPrecalculoInvalido</method>
  <thread>1</thread>
  <message>El indicador Nivel de deuda no pudo ser calculado en la empresa Facebook para el periodo 2015 porque no tiene la cuenta Activo</message>
</record>
<record>
  <date>2017-11-22T20:20:02</date>
  <millis>1511392802577</millis>
  <sequence>13</sequence>
  <logger>java.util.concurrent.locks.ReentrantReadWriteLock$WriteLock</logger>
  <level>WARNING</level>
  <class>Logger.LogPrecalculoIndicadores</class>
  <method>loguearPrecalculoInvalido</method>
  <thread>1</thread>
  <message>El indicador Nivel de deuda no pudo ser calculado en la empresa Apple para el periodo 2010 porque no tiene la cuenta Activo</message>
</record>
<record>
  <date>2017-11-22T20:20:02</date>
  <millis>1511392802589</millis>
  <sequence>14</sequence>
  <logger>java.util.concurrent.locks.ReentrantReadWriteLock$WriteLock</logger>
  <level>WARNING</level>
  <class>Logger.LogPrecalculoIndicadores</class>
  <method>loguearPrecalculoInvalido</method>
  <thread>1</thread>
  <message>El indicador Nivel de deuda no pudo ser calculado en la empresa IBM para el periodo 2011 porque no tiene la cuenta Activo</message>
</record>
<record>
  <date>2017-11-22T20:20:02</date>
  <millis>1511392802604</millis>
  <sequence>15</sequence>
  <logger>java.util.concurrent.locks.ReentrantReadWriteLock$WriteLock</logger>
  <level>WARNING</level>
  <class>Logger.LogPrecalculoIndicadores</class>
  <method>loguearPrecalculoInvalido</method>
  <thread>1</thread>
  <message>El indicador Nivel de deuda no pudo ser calculado en la empresa Oracle para el periodo 2008 porque no tiene la cuenta Activo</message>
</record>
<record>
  <date>2017-11-22T20:20:02</date>
  <millis>1511392802657</millis>
  <sequence>16</sequence>
  <logger>java.util.concurrent.locks.ReentrantReadWriteLock$WriteLock</logger>
  <level>WARNING</level>
  <class>Logger.LogPrecalculoIndicadores</class>
  <method>loguearPrecalculoInvalido</method>
  <thread>1</thread>
  <message>El indicador Margen no pudo ser calculado en la empresa Facebook para el periodo 2015 porque no tiene la cuenta Activo</message>
</record>
<record>
  <date>2017-11-22T20:20:02</date>
  <millis>1511392802669</millis>
  <sequence>17</sequence>
  <logger>java.util.concurrent.locks.ReentrantReadWriteLock$WriteLock</logger>
  <level>WARNING</level>
  <class>Logger.LogPrecalculoIndicadores</class>
  <method>loguearPrecalculoInvalido</method>
  <thread>1</thread>
  <message>El indicador Margen no pudo ser calculado en la empresa Apple para el periodo 2010 porque no tiene la cuenta Activo</message>
</record>
<record>
  <date>2017-11-22T20:20:02</date>
  <millis>1511392802679</millis>
  <sequence>18</sequence>
  <logger>java.util.concurrent.locks.ReentrantReadWriteLock$WriteLock</logger>
  <level>WARNING</level>
  <class>Logger.LogPrecalculoIndicadores</class>
  <method>loguearPrecalculoInvalido</method>
  <thread>1</thread>
  <message>El indicador Margen no pudo ser calculado en la empresa IBM para el periodo 2011 porque no tiene la cuenta Activo</message>
</record>
<record>
  <date>2017-11-22T20:20:02</date>
  <millis>1511392802692</millis>
  <sequence>19</sequence>
  <logger>java.util.concurrent.locks.ReentrantReadWriteLock$WriteLock</logger>
  <level>WARNING</level>
  <class>Logger.LogPrecalculoIndicadores</class>
  <method>loguearPrecalculoInvalido</method>
  <thread>1</thread>
  <message>El indicador Margen no pudo ser calculado en la empresa Oracle para el periodo 2008 porque no tiene la cuenta Activo</message>
</record>
</log>
